2017-01-12 17:04:44 trace :
------------
String:
<xml><ToUserName><![CDATA[gh_f80a74dc2498]]></ToUserName>
<FromUserName><![CDATA[owDfCuBp13gKTxf7rvIamkFTgxuc]]></FromUserName>
<CreateTime>1484211884</CreateTime>
<MsgType><![CDATA[text]]></MsgType>
<Content><![CDATA[主体]]></Content>
<MsgId>6374641502523260059</MsgId>
</xml>

2017-01-12 17:04:44 params :
------------
String:
array (
  'rule' => -2,
  'module' => '',
  'message' => 
  array (
    'tousername' => 'gh_f80a74dc2498',
    'fromusername' => 'owDfCuBp13gKTxf7rvIamkFTgxuc',
    'createtime' => '1484211884',
    'msgtype' => 'text',
    'content' => '主体',
    'msgid' => '6374641502523260059',
    'from' => 'owDfCuBp13gKTxf7rvIamkFTgxuc',
    'to' => 'gh_f80a74dc2498',
    'time' => '1484211884',
    'type' => 'text',
    'event' => NULL,
    'redirection' => false,
    'source' => NULL,
  ),
)

2017-01-12 17:04:44 response :
------------

2017-01-12 17:04:49 trace :
------------
String:
<xml><ToUserName><![CDATA[gh_f80a74dc2498]]></ToUserName>
<FromUserName><![CDATA[owDfCuBp13gKTxf7rvIamkFTgxuc]]></FromUserName>
<CreateTime>1484211889</CreateTime>
<MsgType><![CDATA[text]]></MsgType>
<Content><![CDATA[主题]]></Content>
<MsgId>6374641523998096544</MsgId>
</xml>

2017-01-12 17:04:49 params :
------------
String:
array (
  'rule' => -2,
  'module' => '',
  'message' => 
  array (
    'tousername' => 'gh_f80a74dc2498',
    'fromusername' => 'owDfCuBp13gKTxf7rvIamkFTgxuc',
    'createtime' => '1484211889',
    'msgtype' => 'text',
    'content' => '主题',
    'msgid' => '6374641523998096544',
    'from' => 'owDfCuBp13gKTxf7rvIamkFTgxuc',
    'to' => 'gh_f80a74dc2498',
    'time' => '1484211889',
    'type' => 'text',
    'event' => NULL,
    'redirection' => false,
    'source' => NULL,
  ),
)

2017-01-12 17:04:49 response :
------------

2017-01-12 17:04:59 trace :
------------
String:
<xml><ToUserName><![CDATA[gh_f80a74dc2498]]></ToUserName>
<FromUserName><![CDATA[owDfCuBp13gKTxf7rvIamkFTgxuc]]></FromUserName>
<CreateTime>1484211899</CreateTime>
<MsgType><![CDATA[text]]></MsgType>
<Content><![CDATA[主页]]></Content>
<MsgId>6374641566947769505</MsgId>
</xml>

2017-01-12 17:04:59 params :
------------
String:
array (
  'message' => 
  array (
    'tousername' => 'gh_f80a74dc2498',
    'fromusername' => 'owDfCuBp13gKTxf7rvIamkFTgxuc',
    'createtime' => '1484211899',
    'msgtype' => 'text',
    'content' => '主页',
    'msgid' => '6374641566947769505',
    'from' => 'owDfCuBp13gKTxf7rvIamkFTgxuc',
    'to' => 'gh_f80a74dc2498',
    'time' => '1484211899',
    'type' => 'text',
    'event' => NULL,
    'redirection' => false,
    'source' => NULL,
  ),
  'module' => 'cover',
  'rule' => '14',
  'priority' => '0',
  'keyword' => 
  array (
    'id' => '19',
    'rid' => '14',
    'uniacid' => '3',
    'module' => 'cover',
    'content' => '主页',
    'type' => '1',
    'displayorder' => '0',
    'status' => '1',
  ),
)

2017-01-12 17:04:59 response :
------------
Array:
FromUserName : gh_f80a74dc2498 ;
ToUserName : owDfCuBp13gKTxf7rvIamkFTgxuc ;
MsgType : news ;
ArticleCount : 1 ;
Articles : Array ;

