2017-01-04 12:23:35 trace :
------------
String:
<xml><ToUserName><![CDATA[toUser]]></ToUserName><FromUserName><![CDATA[fromUser]]></FromUserName><CreateTime>1483503897</CreateTime><MsgType><![CDATA[text]]></MsgType><Content><![CDATA[三件套]]></Content><MsgId>1234567890123456</MsgId></xml>

2017-01-04 12:23:35 params :
------------
String:
array (
  'message' => 
  array (
    'tousername' => 'toUser',
    'fromusername' => 'fromUser',
    'createtime' => '1483503897',
    'msgtype' => 'text',
    'content' => '三件套',
    'msgid' => '1234567890123456',
    'from' => 'fromUser',
    'to' => 'toUser',
    'time' => '1483503897',
    'type' => 'text',
    'event' => NULL,
    'redirection' => false,
    'source' => NULL,
  ),
  'module' => 'fwei_forms',
  'rule' => '9',
  'priority' => '0',
  'keyword' => 
  array (
    'id' => '14',
    'rid' => '9',
    'uniacid' => '1',
    'module' => 'fwei_forms',
    'content' => '三件套',
    'type' => '1',
    'displayorder' => '0',
    'status' => '1',
  ),
)

2017-01-04 12:23:35 response :
------------
Array:
FromUserName : toUser ;
ToUserName : fromUser ;
MsgType : news ;
ArticleCount : 1 ;
Articles : Array ;

2017-01-04 12:38:24 trace :
------------
String:
<xml><ToUserName><![CDATA[toUser]]></ToUserName><FromUserName><![CDATA[fromUser]]></FromUserName><CreateTime>1483504787</CreateTime><MsgType><![CDATA[text]]></MsgType><Content><![CDATA[三件套]]></Content><MsgId>1234567890123456</MsgId></xml>

2017-01-04 12:38:24 params :
------------
String:
array (
  'message' => 
  array (
    'tousername' => 'toUser',
    'fromusername' => 'fromUser',
    'createtime' => '1483504787',
    'msgtype' => 'text',
    'content' => '三件套',
    'msgid' => '1234567890123456',
    'from' => 'fromUser',
    'to' => 'toUser',
    'time' => '1483504787',
    'type' => 'text',
    'event' => NULL,
    'redirection' => false,
    'source' => NULL,
  ),
  'module' => 'fwei_forms',
  'rule' => '9',
  'priority' => '0',
  'keyword' => 
  array (
    'id' => '14',
    'rid' => '9',
    'uniacid' => '1',
    'module' => 'fwei_forms',
    'content' => '三件套',
    'type' => '1',
    'displayorder' => '0',
    'status' => '1',
  ),
)

2017-01-04 12:38:24 response :
------------
Array:
FromUserName : toUser ;
ToUserName : fromUser ;
MsgType : news ;
ArticleCount : 1 ;
Articles : Array ;

2017-01-04 12:55:35 trace :
------------
String:
<xml><ToUserName><![CDATA[toUser]]></ToUserName><FromUserName><![CDATA[fromUser]]></FromUserName><CreateTime>1483505817</CreateTime><MsgType><![CDATA[text]]></MsgType><Content><![CDATA[三件套]]></Content><MsgId>1234567890123456</MsgId></xml>

2017-01-04 12:55:35 params :
------------
String:
array (
  'message' => 
  array (
    'tousername' => 'toUser',
    'fromusername' => 'fromUser',
    'createtime' => '1483505817',
    'msgtype' => 'text',
    'content' => '三件套',
    'msgid' => '1234567890123456',
    'from' => 'fromUser',
    'to' => 'toUser',
    'time' => '1483505817',
    'type' => 'text',
    'event' => NULL,
    'redirection' => false,
    'source' => NULL,
  ),
  'module' => 'fwei_forms',
  'rule' => '9',
  'priority' => '0',
  'keyword' => 
  array (
    'id' => '14',
    'rid' => '9',
    'uniacid' => '1',
    'module' => 'fwei_forms',
    'content' => '三件套',
    'type' => '1',
    'displayorder' => '0',
    'status' => '1',
  ),
)

2017-01-04 12:55:35 response :
------------
Array:
FromUserName : toUser ;
ToUserName : fromUser ;
MsgType : news ;
ArticleCount : 1 ;
Articles : Array ;

2017-01-04 13:29:26 trace :
------------
String:
<xml><ToUserName><![CDATA[toUser]]></ToUserName><FromUserName><![CDATA[fromUser]]></FromUserName><CreateTime>1483507849</CreateTime><MsgType><![CDATA[text]]></MsgType><Content><![CDATA[1]]></Content><MsgId>1234567890123456</MsgId></xml>

2017-01-04 13:29:26 params :
------------
String:
array (
  'message' => 
  array (
    'tousername' => 'toUser',
    'fromusername' => 'fromUser',
    'createtime' => '1483507849',
    'msgtype' => 'text',
    'content' => '1',
    'msgid' => '1234567890123456',
    'from' => 'fromUser',
    'to' => 'toUser',
    'time' => '1483507849',
    'type' => 'text',
    'event' => NULL,
    'redirection' => false,
    'source' => NULL,
  ),
  'module' => 'fwei_forms',
  'rule' => '10',
  'priority' => '0',
  'keyword' => 
  array (
    'id' => '15',
    'rid' => '10',
    'uniacid' => '1',
    'module' => 'fwei_forms',
    'content' => '1',
    'type' => '1',
    'displayorder' => '0',
    'status' => '1',
  ),
)

2017-01-04 13:29:26 response :
------------
Array:
FromUserName : toUser ;
ToUserName : fromUser ;
MsgType : news ;
ArticleCount : 1 ;
Articles : Array ;

2017-01-04 14:54:49 trace :
------------
String:
<xml><ToUserName><![CDATA[toUser]]></ToUserName><FromUserName><![CDATA[fromUser]]></FromUserName><CreateTime>1483512972</CreateTime><MsgType><![CDATA[text]]></MsgType><Content><![CDATA[1]]></Content><MsgId>1234567890123456</MsgId></xml>

2017-01-04 14:54:49 params :
------------
String:
array (
  'message' => 
  array (
    'tousername' => 'toUser',
    'fromusername' => 'fromUser',
    'createtime' => '1483512972',
    'msgtype' => 'text',
    'content' => '1',
    'msgid' => '1234567890123456',
    'from' => 'fromUser',
    'to' => 'toUser',
    'time' => '1483512972',
    'type' => 'text',
    'event' => NULL,
    'redirection' => false,
    'source' => NULL,
  ),
  'module' => 'fwei_forms',
  'rule' => '10',
  'priority' => '0',
  'keyword' => 
  array (
    'id' => '15',
    'rid' => '10',
    'uniacid' => '1',
    'module' => 'fwei_forms',
    'content' => '1',
    'type' => '1',
    'displayorder' => '0',
    'status' => '1',
  ),
)

2017-01-04 14:54:49 response :
------------
Array:
FromUserName : toUser ;
ToUserName : fromUser ;
MsgType : news ;
ArticleCount : 1 ;
Articles : Array ;

