2017-02-14 16:57:21 trace :
------------
String:
<xml><ToUserName><![CDATA[toUser]]></ToUserName><FromUserName><![CDATA[fromUser]]></FromUserName><CreateTime>1487062666</CreateTime><MsgType><![CDATA[text]]></MsgType><Content><![CDATA[阅读]]></Content><MsgId>1234567890123456</MsgId></xml>

2017-02-14 16:57:21 params :
------------
String:
array (
  'message' => 
  array (
    'tousername' => 'toUser',
    'fromusername' => 'fromUser',
    'createtime' => '1487062666',
    'msgtype' => 'text',
    'content' => '阅读',
    'msgid' => '1234567890123456',
    'from' => 'fromUser',
    'to' => 'toUser',
    'time' => '1487062666',
    'type' => 'text',
    'event' => NULL,
    'redirection' => false,
    'source' => NULL,
  ),
  'module' => 'fwei_forms',
  'rule' => '21',
  'priority' => '0',
  'keyword' => 
  array (
    'id' => '31',
    'rid' => '21',
    'uniacid' => '3',
    'module' => 'fwei_forms',
    'content' => '阅读',
    'type' => '1',
    'displayorder' => '0',
    'status' => '1',
  ),
)

2017-02-14 16:57:21 response :
------------
Array:
FromUserName : toUser ;
ToUserName : fromUser ;
MsgType : news ;
ArticleCount : 1 ;
Articles : Array ;

2017-02-14 18:34:50 trace :
------------
String:
<xml><ToUserName><![CDATA[toUser]]></ToUserName><FromUserName><![CDATA[fromUser]]></FromUserName><CreateTime>1487068515</CreateTime><MsgType><![CDATA[text]]></MsgType><Content><![CDATA[阅读]]></Content><MsgId>1234567890123456</MsgId></xml>

2017-02-14 18:34:50 params :
------------
String:
array (
  'message' => 
  array (
    'tousername' => 'toUser',
    'fromusername' => 'fromUser',
    'createtime' => '1487068515',
    'msgtype' => 'text',
    'content' => '阅读',
    'msgid' => '1234567890123456',
    'from' => 'fromUser',
    'to' => 'toUser',
    'time' => '1487068515',
    'type' => 'text',
    'event' => NULL,
    'redirection' => false,
    'source' => NULL,
  ),
  'module' => 'fwei_forms',
  'rule' => '21',
  'priority' => '0',
  'keyword' => 
  array (
    'id' => '31',
    'rid' => '21',
    'uniacid' => '3',
    'module' => 'fwei_forms',
    'content' => '阅读',
    'type' => '1',
    'displayorder' => '0',
    'status' => '1',
  ),
)

2017-02-14 18:34:50 response :
------------
Array:
FromUserName : toUser ;
ToUserName : fromUser ;
MsgType : news ;
ArticleCount : 1 ;
Articles : Array ;

